C51 COMPILER V7.50   POLLING_DELAY                                                         09/01/2018 18:55:38 PAGE 1   


C51 COMPILER V7.50, COMPILATION OF MODULE POLLING_DELAY
OBJECT MODULE PLACED IN polling_delay.OBJ
COMPILER INVOKED BY: C:\Keil\C51\BIN\C51.EXE polling_delay.c BROWSE DEBUG OBJECTEXTEND

line level    source

   1          /* Description : Led blinking with loop delay
   2                  Author : Khaleel
   3            Created date : 01/09/18 */
   4          
   5          #include <reg51.h>           // special function register declarations
   6                                      // for the intended 8051 derivative
   7          
   8          sbit LED = P2^0;            // Defining LED pin
   9          
  10          void Delay(void);           // Function prototype declaration
  11          
  12          void main (void)
  13          {
  14   1          while(1)                // infinite loop
  15   1          {
  16   2              LED = 0;            // LED ON
  17   2              Delay();
  18   2              LED = 1;            // LED OFF
  19   2              Delay();
  20   2          }
  21   1      }
  22          
  23          void Delay(void)
  24          {
  25   1          int j;
  26   1          int i;
  27   1          for(i=0;i<10;i++)
  28   1          {
  29   2              for(j=0;j<5000;j++)
  30   2              {
  31   3              }
  32   2          }
  33   1      }


MODULE INFORMATION:   STATIC OVERLAYABLE
   CODE SIZE        =     41    ----
   CONSTANT SIZE    =   ----    ----
   XDATA SIZE       =   ----    ----
   PDATA SIZE       =   ----    ----
   DATA SIZE        =   ----    ----
   IDATA SIZE       =   ----    ----
   BIT SIZE         =   ----    ----
END OF MODULE INFORMATION.


C51 COMPILATION COMPLETE.  0 WARNING(S),  0 ERROR(S)
